============================= test session starts =============================
platform win32 -- Python 3.12.4, pytest-8.3.5, pluggy-1.6.0
benchmark: 5.1.0 (defaults: timer=time.perf_counter disable_gc=False min_rounds=5 min_time=0.000005 max_time=1.0 calibration_precision=10 warmup=False warmup_iterations=100000)
rootdir: D:\Github_Code\DuckStudy
plugins: anyio-4.9.0, langsmith-0.3.42, benchmark-5.1.0, cov-6.1.1, flask-1.3.0
collected 26 items

tests\backend\test_comment.py ......                                     [ 23%]
tests\backend\test_post.py ........                                      [ 53%]
tests\backend\test_user_auth.py .....                                    [ 73%]
tests\integration\test_api.py .......                                    [100%]

=============================== tests coverage ================================
_______________ coverage: platform win32, python 3.12.4-final-0 _______________

Name                                 Stmts   Miss  Cover   Missing
------------------------------------------------------------------
backend\__init__.py                      0      0   100%
backend\app.py                         620    252    59%   58, 61-64, 77-79, 100-102, 108-112, 120-122, 131-133, 141-143, 152-154, 164, 245-253, 268, 357, 377, 395, 411-415, 431, 450-452, 461, 469, 493-495, 533-535, 553, 558-560, 576-593, 597-598, 601-602, 616-618, 625-626, 631-633, 654, 658, 666, 675, 680, 690-691, 700-701, 713, 723, 727, 730, 737, 739, 752-754, 770, 778, 783, 796-798, 832-834, 839-846, 875-876, 884-898, 906-913, 920-945, 953-1019, 1024-1066, 1075-1078, 1091, 1097, 1107, 1113-1114, 1122, 1127, 1134, 1147-1149, 1156-1161, 1165-1180, 1185-1203, 1208-1268
backend\config\__init__.py               0      0   100%
backend\config\config.py                 7      0   100%
backend\routes\user_routes.py           40     29    28%   16, 20-69
backend\services\__init__.py             0      0   100%
backend\services\github_service.py     282    167    41%   29-33, 44-46, 51-59, 64-72, 77-85, 90-98, 130-213, 232, 236, 238, 240, 272, 276, 322-324, 329-331, 336, 341, 347, 349, 356, 362-366, 375-377, 397-441, 445-692, 697-929, 933, 956
backend\utils\__init__.py                0      0   100%
backend\utils\cache.py                  35      5    86%   16, 23-24, 27, 38
------------------------------------------------------------------
TOTAL                                  984    453    54%
============================= 26 passed in 4.31s ==============================