<?xml version="1.0" encoding="UTF-8"?>
<coverage generated="1750249974368" clover="3.2.0">
  <project timestamp="1750249974368" name="All files">
    <metrics statements="80" coveredstatements="38" conditionals="47" coveredconditionals="8" methods="16" coveredmethods="9" elements="143" coveredelements="55" complexity="0" loc="80" ncloc="80" packages="1" files="1" classes="1"/>
    <file name="main.js" path="D:\Github_Code\DuckStudy\frontend\js\main.js">
      <metrics statements="80" coveredstatements="38" conditionals="47" coveredconditionals="8" methods="16" coveredmethods="9"/>
      <line num="5" count="14" type="stmt"/>
      <line num="6" count="35" type="stmt"/>
      <line num="8" count="35" type="stmt"/>
      <line num="11" count="35" type="stmt"/>
      <line num="18" count="35" type="stmt"/>
      <line num="20" count="0" type="stmt"/>
      <line num="21" count="0" type="stmt"/>
      <line num="28" count="0" type="stmt"/>
      <line num="30" count="0" type="stmt"/>
      <line num="31" count="0" type="cond" truecount="0" falsecount="2"/>
      <line num="32" count="0" type="stmt"/>
      <line num="33" count="0" type="stmt"/>
      <line num="36" count="0" type="stmt"/>
      <line num="38" count="0" type="cond" truecount="0" falsecount="4"/>
      <line num="39" count="0" type="stmt"/>
      <line num="40" count="0" type="stmt"/>
      <line num="43" count="0" type="stmt"/>
      <line num="59" count="0" type="stmt"/>
      <line num="61" count="0" type="stmt"/>
      <line num="67" count="35" type="stmt"/>
      <line num="68" count="35" type="stmt"/>
      <line num="69" count="35" type="stmt"/>
      <line num="71" count="35" type="cond" truecount="2" falsecount="2"/>
      <line num="72" count="35" type="stmt"/>
      <line num="73" count="35" type="stmt"/>
      <line num="77" count="0" type="stmt"/>
      <line num="78" count="0" type="stmt"/>
      <line num="86" count="0" type="cond" truecount="0" falsecount="2"/>
      <line num="89" count="0" type="stmt"/>
      <line num="90" count="0" type="stmt"/>
      <line num="93" count="0" type="stmt"/>
      <line num="96" count="0" type="cond" truecount="0" falsecount="2"/>
      <line num="101" count="0" type="cond" truecount="0" falsecount="2"/>
      <line num="103" count="0" type="cond" truecount="0" falsecount="2"/>
      <line num="111" count="0" type="stmt"/>
      <line num="139" count="0" type="stmt"/>
      <line num="140" count="0" type="stmt"/>
      <line num="141" count="0" type="cond" truecount="0" falsecount="2"/>
      <line num="142" count="0" type="stmt"/>
      <line num="154" count="0" type="cond" truecount="0" falsecount="2"/>
      <line num="157" count="0" type="stmt"/>
      <line num="158" count="0" type="stmt"/>
      <line num="161" count="0" type="cond" truecount="0" falsecount="3"/>
      <line num="166" count="35" type="stmt"/>
      <line num="167" count="35" type="stmt"/>
      <line num="169" count="35" type="cond" truecount="3" falsecount="1"/>
      <line num="170" count="35" type="stmt"/>
      <line num="171" count="0" type="stmt"/>
      <line num="172" count="0" type="cond" truecount="0" falsecount="2"/>
      <line num="173" count="0" type="stmt"/>
      <line num="177" count="35" type="stmt"/>
      <line num="178" count="0" type="cond" truecount="0" falsecount="2"/>
      <line num="179" count="0" type="stmt"/>
      <line num="180" count="0" type="cond" truecount="0" falsecount="2"/>
      <line num="181" count="0" type="stmt"/>
      <line num="190" count="35" type="stmt"/>
      <line num="191" count="35" type="stmt"/>
      <line num="192" count="35" type="cond" truecount="1" falsecount="1"/>
      <line num="195" count="35" type="stmt"/>
      <line num="235" count="35" type="stmt"/>
      <line num="237" count="140" type="stmt"/>
      <line num="239" count="140" type="stmt"/>
      <line num="258" count="35" type="stmt"/>
      <line num="259" count="35" type="stmt"/>
      <line num="260" count="140" type="stmt"/>
      <line num="261" count="2" type="stmt"/>
      <line num="262" count="2" type="stmt"/>
      <line num="266" count="0" type="stmt"/>
      <line num="267" count="0" type="stmt"/>
      <line num="273" count="140" type="stmt"/>
      <line num="274" count="140" type="stmt"/>
      <line num="275" count="140" type="cond" truecount="1" falsecount="1"/>
      <line num="277" count="140" type="stmt"/>
      <line num="280" count="140" type="stmt"/>
      <line num="281" count="560" type="stmt"/>
      <line num="285" count="140" type="cond" truecount="1" falsecount="1"/>
      <line num="286" count="140" type="stmt"/>
      <line num="290" count="140" type="stmt"/>
      <line num="291" count="0" type="stmt"/>
      <line num="294" count="140" type="stmt"/>
    </file>
  </project>
</coverage>
