{"D:\\Github_Code\\DuckStudy\\frontend\\js\\main.js": {"path":"D:\\Github_Code\\DuckStudy\\frontend\\js\\main.js","statementMap":{"0":{"start":{"line":5,"column":0},"end":{"line":23,"column":3}},"1":{"start":{"line":6,"column":4},"end":{"line":22,"column":5}},"2":{"start":{"line":8,"column":8},"end":{"line":8,"column":27}},"3":{"start":{"line":11,"column":8},"end":{"line":15,"column":11}},"4":{"start":{"line":18,"column":8},"end":{"line":18,"column":29}},"5":{"start":{"line":20,"column":8},"end":{"line":20,"column":40}},"6":{"start":{"line":21,"column":8},"end":{"line":21,"column":32}},"7":{"start":{"line":28,"column":4},"end":{"line":62,"column":5}},"8":{"start":{"line":30,"column":28},"end":{"line":30,"column":66}},"9":{"start":{"line":31,"column":8},"end":{"line":34,"column":9}},"10":{"start":{"line":32,"column":12},"end":{"line":32,"column":51}},"11":{"start":{"line":33,"column":12},"end":{"line":33,"column":19}},"12":{"start":{"line":36,"column":24},"end":{"line":36,"column":53}},"13":{"start":{"line":38,"column":8},"end":{"line":41,"column":9}},"14":{"start":{"line":39,"column":12},"end":{"line":39,"column":76}},"15":{"start":{"line":40,"column":12},"end":{"line":40,"column":19}},"16":{"start":{"line":43,"column":8},"end":{"line":57,"column":20}},"17":{"start":{"line":43,"column":54},"end":{"line":57,"column":9}},"18":{"start":{"line":59,"column":8},"end":{"line":59,"column":42}},"19":{"start":{"line":61,"column":8},"end":{"line":61,"column":39}},"20":{"start":{"line":67,"column":4},"end":{"line":144,"column":5}},"21":{"start":{"line":68,"column":26},"end":{"line":68,"column":62}},"22":{"start":{"line":69,"column":22},"end":{"line":69,"column":52}},"23":{"start":{"line":71,"column":8},"end":{"line":74,"column":9}},"24":{"start":{"line":72,"column":12},"end":{"line":72,"column":74}},"25":{"start":{"line":73,"column":12},"end":{"line":73,"column":19}},"26":{"start":{"line":77,"column":32},"end":{"line":87,"column":9}},"27":{"start":{"line":78,"column":32},"end":{"line":85,"column":13}},"28":{"start":{"line":86,"column":12},"end":{"line":86,"column":79}},"29":{"start":{"line":89,"column":8},"end":{"line":137,"column":20}},"30":{"start":{"line":90,"column":33},"end":{"line":90,"column":63}},"31":{"start":{"line":93,"column":33},"end":{"line":93,"column":60}},"32":{"start":{"line":96,"column":35},"end":{"line":98,"column":30}},"33":{"start":{"line":101,"column":29},"end":{"line":101,"column":88}},"34":{"start":{"line":103,"column":29},"end":{"line":109,"column":30}},"35":{"start":{"line":111,"column":12},"end":{"line":136,"column":14}},"36":{"start":{"line":139,"column":8},"end":{"line":139,"column":42}},"37":{"start":{"line":140,"column":26},"end":{"line":140,"column":62}},"38":{"start":{"line":141,"column":8},"end":{"line":143,"column":9}},"39":{"start":{"line":142,"column":12},"end":{"line":142,"column":88}},"40":{"start":{"line":154,"column":4},"end":{"line":154,"column":25}},"41":{"start":{"line":154,"column":15},"end":{"line":154,"column":25}},"42":{"start":{"line":157,"column":20},"end":{"line":157,"column":49}},"43":{"start":{"line":158,"column":4},"end":{"line":158,"column":29}},"44":{"start":{"line":161,"column":4},"end":{"line":161,"column":58}},"45":{"start":{"line":166,"column":22},"end":{"line":166,"column":62}},"46":{"start":{"line":167,"column":24},"end":{"line":167,"column":67}},"47":{"start":{"line":169,"column":4},"end":{"line":185,"column":5}},"48":{"start":{"line":170,"column":8},"end":{"line":175,"column":11}},"49":{"start":{"line":171,"column":26},"end":{"line":171,"column":50}},"50":{"start":{"line":172,"column":12},"end":{"line":174,"column":13}},"51":{"start":{"line":173,"column":16},"end":{"line":173,"column":96}},"52":{"start":{"line":177,"column":8},"end":{"line":184,"column":11}},"53":{"start":{"line":178,"column":12},"end":{"line":183,"column":13}},"54":{"start":{"line":179,"column":30},"end":{"line":179,"column":54}},"55":{"start":{"line":180,"column":16},"end":{"line":182,"column":17}},"56":{"start":{"line":181,"column":20},"end":{"line":181,"column":100}},"57":{"start":{"line":190,"column":4},"end":{"line":268,"column":5}},"58":{"start":{"line":191,"column":28},"end":{"line":191,"column":66}},"59":{"start":{"line":192,"column":8},"end":{"line":192,"column":33}},"60":{"start":{"line":192,"column":26},"end":{"line":192,"column":33}},"61":{"start":{"line":195,"column":28},"end":{"line":232,"column":9}},"62":{"start":{"line":235,"column":8},"end":{"line":255,"column":20}},"63":{"start":{"line":237,"column":32},"end":{"line":237,"column":60}},"64":{"start":{"line":239,"column":12},"end":{"line":254,"column":14}},"65":{"start":{"line":258,"column":28},"end":{"line":258,"column":74}},"66":{"start":{"line":259,"column":8},"end":{"line":264,"column":11}},"67":{"start":{"line":260,"column":12},"end":{"line":263,"column":15}},"68":{"start":{"line":261,"column":33},"end":{"line":261,"column":48}},"69":{"start":{"line":262,"column":16},"end":{"line":262,"column":81}},"70":{"start":{"line":266,"column":8},"end":{"line":266,"column":42}},"71":{"start":{"line":267,"column":8},"end":{"line":267,"column":20}},"72":{"start":{"line":273,"column":22},"end":{"line":273,"column":40}},"73":{"start":{"line":274,"column":24},"end":{"line":274,"column":41}},"74":{"start":{"line":275,"column":23},"end":{"line":275,"column":60}},"75":{"start":{"line":277,"column":20},"end":{"line":277,"column":22}},"76":{"start":{"line":280,"column":4},"end":{"line":282,"column":5}},"77":{"start":{"line":280,"column":17},"end":{"line":280,"column":18}},"78":{"start":{"line":281,"column":8},"end":{"line":281,"column":55}},"79":{"start":{"line":285,"column":4},"end":{"line":287,"column":5}},"80":{"start":{"line":286,"column":8},"end":{"line":286,"column":55}},"81":{"start":{"line":290,"column":4},"end":{"line":292,"column":5}},"82":{"start":{"line":290,"column":17},"end":{"line":290,"column":18}},"83":{"start":{"line":291,"column":8},"end":{"line":291,"column":50}},"84":{"start":{"line":294,"column":4},"end":{"line":294,"column":21}}},"fnMap":{"0":{"name":"(anonymous_0)","decl":{"start":{"line":5,"column":46},"end":{"line":5,"column":47}},"loc":{"start":{"line":5,"column":58},"end":{"line":23,"column":1}},"line":5},"1":{"name":"loadReviews","decl":{"start":{"line":27,"column":15},"end":{"line":27,"column":26}},"loc":{"start":{"line":27,"column":29},"end":{"line":63,"column":1}},"line":27},"2":{"name":"(anonymous_2)","decl":{"start":{"line":43,"column":44},"end":{"line":43,"column":45}},"loc":{"start":{"line":43,"column":54},"end":{"line":57,"column":9}},"line":43},"3":{"name":"loadHotPosts","decl":{"start":{"line":66,"column":15},"end":{"line":66,"column":27}},"loc":{"start":{"line":66,"column":30},"end":{"line":145,"column":1}},"line":66},"4":{"name":"(anonymous_4)","decl":{"start":{"line":77,"column":32},"end":{"line":77,"column":33}},"loc":{"start":{"line":77,"column":46},"end":{"line":87,"column":9}},"line":77},"5":{"name":"(anonymous_5)","decl":{"start":{"line":89,"column":40},"end":{"line":89,"column":41}},"loc":{"start":{"line":89,"column":48},"end":{"line":137,"column":9}},"line":89},"6":{"name":"loadHotProjects","decl":{"start":{"line":148,"column":15},"end":{"line":148,"column":30}},"loc":{"start":{"line":148,"column":33},"end":{"line":150,"column":1}},"line":148},"7":{"name":"stripHtmlTags","decl":{"start":{"line":153,"column":9},"end":{"line":153,"column":22}},"loc":{"start":{"line":153,"column":29},"end":{"line":162,"column":1}},"line":153},"8":{"name":"addHomeSearchEvent","decl":{"start":{"line":165,"column":9},"end":{"line":165,"column":27}},"loc":{"start":{"line":165,"column":30},"end":{"line":186,"column":1}},"line":165},"9":{"name":"(anonymous_9)","decl":{"start":{"line":170,"column":44},"end":{"line":170,"column":45}},"loc":{"start":{"line":170,"column":50},"end":{"line":175,"column":9}},"line":170},"10":{"name":"(anonymous_10)","decl":{"start":{"line":177,"column":49},"end":{"line":177,"column":50}},"loc":{"start":{"line":177,"column":56},"end":{"line":184,"column":9}},"line":177},"11":{"name":"loadHotCourses","decl":{"start":{"line":189,"column":15},"end":{"line":189,"column":29}},"loc":{"start":{"line":189,"column":32},"end":{"line":269,"column":1}},"line":189},"12":{"name":"(anonymous_12)","decl":{"start":{"line":235,"column":48},"end":{"line":235,"column":49}},"loc":{"start":{"line":235,"column":58},"end":{"line":255,"column":9}},"line":235},"13":{"name":"(anonymous_13)","decl":{"start":{"line":259,"column":28},"end":{"line":259,"column":29}},"loc":{"start":{"line":259,"column":36},"end":{"line":264,"column":9}},"line":259},"14":{"name":"(anonymous_14)","decl":{"start":{"line":260,"column":43},"end":{"line":260,"column":44}},"loc":{"start":{"line":260,"column":49},"end":{"line":263,"column":13}},"line":260},"15":{"name":"generateStars","decl":{"start":{"line":272,"column":9},"end":{"line":272,"column":22}},"loc":{"start":{"line":272,"column":31},"end":{"line":295,"column":1}},"line":272}},"branchMap":{"0":{"loc":{"start":{"line":31,"column":8},"end":{"line":34,"column":9}},"type":"if","locations":[{"start":{"line":31,"column":8},"end":{"line":34,"column":9}},{"start":{},"end":{}}],"line":31},"1":{"loc":{"start":{"line":38,"column":8},"end":{"line":41,"column":9}},"type":"if","locations":[{"start":{"line":38,"column":8},"end":{"line":41,"column":9}},{"start":{},"end":{}}],"line":38},"2":{"loc":{"start":{"line":38,"column":12},"end":{"line":38,"column":44}},"type":"binary-expr","locations":[{"start":{"line":38,"column":12},"end":{"line":38,"column":20}},{"start":{"line":38,"column":24},"end":{"line":38,"column":44}}],"line":38},"3":{"loc":{"start":{"line":71,"column":8},"end":{"line":74,"column":9}},"type":"if","locations":[{"start":{"line":71,"column":8},"end":{"line":74,"column":9}},{"start":{},"end":{}}],"line":71},"4":{"loc":{"start":{"line":71,"column":12},"end":{"line":71,"column":40}},"type":"binary-expr","locations":[{"start":{"line":71,"column":12},"end":{"line":71,"column":18}},{"start":{"line":71,"column":22},"end":{"line":71,"column":40}}],"line":71},"5":{"loc":{"start":{"line":86,"column":19},"end":{"line":86,"column":78}},"type":"binary-expr","locations":[{"start":{"line":86,"column":19},"end":{"line":86,"column":40}},{"start":{"line":86,"column":44},"end":{"line":86,"column":78}}],"line":86},"6":{"loc":{"start":{"line":96,"column":35},"end":{"line":98,"column":30}},"type":"cond-expr","locations":[{"start":{"line":97,"column":18},"end":{"line":97,"column":55}},{"start":{"line":98,"column":18},"end":{"line":98,"column":30}}],"line":96},"7":{"loc":{"start":{"line":101,"column":63},"end":{"line":101,"column":82}},"type":"binary-expr","locations":[{"start":{"line":101,"column":63},"end":{"line":101,"column":77}},{"start":{"line":101,"column":81},"end":{"line":101,"column":82}}],"line":101},"8":{"loc":{"start":{"line":103,"column":29},"end":{"line":109,"column":30}},"type":"cond-expr","locations":[{"start":{"line":104,"column":18},"end":{"line":104,"column":63}},{"start":{"line":105,"column":19},"end":{"line":109,"column":29}}],"line":103},"9":{"loc":{"start":{"line":105,"column":19},"end":{"line":109,"column":29}},"type":"cond-expr","locations":[{"start":{"line":106,"column":22},"end":{"line":106,"column":61}},{"start":{"line":107,"column":23},"end":{"line":109,"column":28}}],"line":105},"10":{"loc":{"start":{"line":107,"column":23},"end":{"line":109,"column":28}},"type":"cond-expr","locations":[{"start":{"line":108,"column":26},"end":{"line":108,"column":66}},{"start":{"line":109,"column":26},"end":{"line":109,"column":28}}],"line":107},"11":{"loc":{"start":{"line":130,"column":83},"end":{"line":130,"column":102}},"type":"binary-expr","locations":[{"start":{"line":130,"column":83},"end":{"line":130,"column":97}},{"start":{"line":130,"column":101},"end":{"line":130,"column":102}}],"line":130},"12":{"loc":{"start":{"line":141,"column":8},"end":{"line":143,"column":9}},"type":"if","locations":[{"start":{"line":141,"column":8},"end":{"line":143,"column":9}},{"start":{},"end":{}}],"line":141},"13":{"loc":{"start":{"line":154,"column":4},"end":{"line":154,"column":25}},"type":"if","locations":[{"start":{"line":154,"column":4},"end":{"line":154,"column":25}},{"start":{},"end":{}}],"line":154},"14":{"loc":{"start":{"line":161,"column":11},"end":{"line":161,"column":57}},"type":"binary-expr","locations":[{"start":{"line":161,"column":11},"end":{"line":161,"column":30}},{"start":{"line":161,"column":34},"end":{"line":161,"column":51}},{"start":{"line":161,"column":55},"end":{"line":161,"column":57}}],"line":161},"15":{"loc":{"start":{"line":169,"column":4},"end":{"line":185,"column":5}},"type":"if","locations":[{"start":{"line":169,"column":4},"end":{"line":185,"column":5}},{"start":{},"end":{}}],"line":169},"16":{"loc":{"start":{"line":169,"column":8},"end":{"line":169,"column":32}},"type":"binary-expr","locations":[{"start":{"line":169,"column":8},"end":{"line":169,"column":17}},{"start":{"line":169,"column":21},"end":{"line":169,"column":32}}],"line":169},"17":{"loc":{"start":{"line":172,"column":12},"end":{"line":174,"column":13}},"type":"if","locations":[{"start":{"line":172,"column":12},"end":{"line":174,"column":13}},{"start":{},"end":{}}],"line":172},"18":{"loc":{"start":{"line":178,"column":12},"end":{"line":183,"column":13}},"type":"if","locations":[{"start":{"line":178,"column":12},"end":{"line":183,"column":13}},{"start":{},"end":{}}],"line":178},"19":{"loc":{"start":{"line":180,"column":16},"end":{"line":182,"column":17}},"type":"if","locations":[{"start":{"line":180,"column":16},"end":{"line":182,"column":17}},{"start":{},"end":{}}],"line":180},"20":{"loc":{"start":{"line":192,"column":8},"end":{"line":192,"column":33}},"type":"if","locations":[{"start":{"line":192,"column":8},"end":{"line":192,"column":33}},{"start":{},"end":{}}],"line":192},"21":{"loc":{"start":{"line":275,"column":40},"end":{"line":275,"column":59}},"type":"cond-expr","locations":[{"start":{"line":275,"column":54},"end":{"line":275,"column":55}},{"start":{"line":275,"column":58},"end":{"line":275,"column":59}}],"line":275},"22":{"loc":{"start":{"line":285,"column":4},"end":{"line":287,"column":5}},"type":"if","locations":[{"start":{"line":285,"column":4},"end":{"line":287,"column":5}},{"start":{},"end":{}}],"line":285}},"s":{"0":14,"1":35,"2":35,"3":35,"4":35,"5":0,"6":0,"7":0,"8":0,"9":0,"10":0,"11":0,"12":0,"13":0,"14":0,"15":0,"16":0,"17":0,"18":0,"19":0,"20":35,"21":35,"22":35,"23":35,"24":35,"25":35,"26":0,"27":0,"28":0,"29":0,"30":0,"31":0,"32":0,"33":0,"34":0,"35":0,"36":0,"37":0,"38":0,"39":0,"40":0,"41":0,"42":0,"43":0,"44":0,"45":35,"46":35,"47":35,"48":35,"49":0,"50":0,"51":0,"52":35,"53":0,"54":0,"55":0,"56":0,"57":35,"58":35,"59":35,"60":0,"61":35,"62":35,"63":140,"64":140,"65":35,"66":35,"67":140,"68":2,"69":2,"70":0,"71":0,"72":140,"73":140,"74":140,"75":140,"76":140,"77":140,"78":560,"79":140,"80":140,"81":140,"82":140,"83":0,"84":140},"f":{"0":35,"1":0,"2":0,"3":35,"4":0,"5":0,"6":35,"7":0,"8":35,"9":0,"10":0,"11":35,"12":140,"13":140,"14":2,"15":140},"b":{"0":[0,0],"1":[0,0],"2":[0,0],"3":[35,0],"4":[35,0],"5":[0,0],"6":[0,0],"7":[0,0],"8":[0,0],"9":[0,0],"10":[0,0],"11":[0,0],"12":[0,0],"13":[0,0],"14":[0,0,0],"15":[35,0],"16":[35,35],"17":[0,0],"18":[0,0],"19":[0,0],"20":[0,35],"21":[140,0],"22":[140,0]},"_coverageSchema":"1a1c01bbd47fc00a2c39e90264f33305004495a9","hash":"f7d3e3cb10468f6ca774df75b973aff3c8392ee7"}
}
