TN:
SF:frontend\js\main.js
FN:5,(anonymous_0)
FN:27,loadReviews
FN:43,(anonymous_2)
FN:66,loadHotPosts
FN:77,(anonymous_4)
FN:89,(anonymous_5)
FN:148,loadHotProjects
FN:153,stripHtmlTags
FN:165,addHomeSearchEvent
FN:170,(anonymous_9)
FN:177,(anonymous_10)
FN:189,loadHotCourses
FN:235,(anonymous_12)
FN:259,(anonymous_13)
FN:260,(anonymous_14)
FN:272,generateStars
FNF:16
FNH:9
FNDA:35,(anonymous_0)
FNDA:0,loadReviews
FNDA:0,(anonymous_2)
FNDA:35,loadHotPosts
FNDA:0,(anonymous_4)
FNDA:0,(anonymous_5)
FNDA:35,loadHotProjects
FNDA:0,stripHtmlTags
FNDA:35,addHomeSearchEvent
FNDA:0,(anonymous_9)
FNDA:0,(anonymous_10)
FNDA:35,loadHotCourses
FNDA:140,(anonymous_12)
FNDA:140,(anonymous_13)
FNDA:2,(anonymous_14)
FNDA:140,generateStars
DA:5,14
DA:6,35
DA:8,35
DA:11,35
DA:18,35
DA:20,0
DA:21,0
DA:28,0
DA:30,0
DA:31,0
DA:32,0
DA:33,0
DA:36,0
DA:38,0
DA:39,0
DA:40,0
DA:43,0
DA:59,0
DA:61,0
DA:67,35
DA:68,35
DA:69,35
DA:71,35
DA:72,35
DA:73,35
DA:77,0
DA:78,0
DA:86,0
DA:89,0
DA:90,0
DA:93,0
DA:96,0
DA:101,0
DA:103,0
DA:111,0
DA:139,0
DA:140,0
DA:141,0
DA:142,0
DA:154,0
DA:157,0
DA:158,0
DA:161,0
DA:166,35
DA:167,35
DA:169,35
DA:170,35
DA:171,0
DA:172,0
DA:173,0
DA:177,35
DA:178,0
DA:179,0
DA:180,0
DA:181,0
DA:190,35
DA:191,35
DA:192,35
DA:195,35
DA:235,35
DA:237,140
DA:239,140
DA:258,35
DA:259,35
DA:260,140
DA:261,2
DA:262,2
DA:266,0
DA:267,0
DA:273,140
DA:274,140
DA:275,140
DA:277,140
DA:280,140
DA:281,560
DA:285,140
DA:286,140
DA:290,140
DA:291,0
DA:294,140
LF:80
LH:38
BRDA:31,0,0,0
BRDA:31,0,1,0
BRDA:38,1,0,0
BRDA:38,1,1,0
BRDA:38,2,0,0
BRDA:38,2,1,0
BRDA:71,3,0,35
BRDA:71,3,1,0
BRDA:71,4,0,35
BRDA:71,4,1,0
BRDA:86,5,0,0
BRDA:86,5,1,0
BRDA:96,6,0,0
BRDA:96,6,1,0
BRDA:101,7,0,0
BRDA:101,7,1,0
BRDA:103,8,0,0
BRDA:103,8,1,0
BRDA:105,9,0,0
BRDA:105,9,1,0
BRDA:107,10,0,0
BRDA:107,10,1,0
BRDA:130,11,0,0
BRDA:130,11,1,0
BRDA:141,12,0,0
BRDA:141,12,1,0
BRDA:154,13,0,0
BRDA:154,13,1,0
BRDA:161,14,0,0
BRDA:161,14,1,0
BRDA:161,14,2,0
BRDA:169,15,0,35
BRDA:169,15,1,0
BRDA:169,16,0,35
BRDA:169,16,1,35
BRDA:172,17,0,0
BRDA:172,17,1,0
BRDA:178,18,0,0
BRDA:178,18,1,0
BRDA:180,19,0,0
BRDA:180,19,1,0
BRDA:192,20,0,0
BRDA:192,20,1,35
BRDA:275,21,0,140
BRDA:275,21,1,0
BRDA:285,22,0,140
BRDA:285,22,1,0
BRF:47
BRH:8
end_of_record
